[debug] [2018-08-16T16:42:47.317Z] ----------------------------------------------------------------------
[debug] [2018-08-16T16:42:47.321Z] Command:       C:\Program Files\nodejs\node.exe C:\Users\andre\AppData\Roaming\npm\node_modules\firebase-tools\bin\firebase init hosting
[debug] [2018-08-16T16:42:47.321Z] CLI Version:   4.1.1
[debug] [2018-08-16T16:42:47.321Z] Platform:      win32
[debug] [2018-08-16T16:42:47.321Z] Node Version:  v8.11.3
[debug] [2018-08-16T16:42:47.322Z] Time:          Thu Aug 16 2018 13:42:47 GMT-0300 (Hora oficial do Brasil)
[debug] [2018-08-16T16:42:47.322Z] ----------------------------------------------------------------------
[debug] 
[debug] [2018-08-16T16:42:47.323Z] > command requires scopes: ["email","openid","https://www.googleapis.com/auth/cloudplatformprojects.readonly","https://www.googleapis.com/auth/firebase"]
[debug] [2018-08-16T16:42:47.323Z] > authorizing via signed-in user
[info] 
     ######## #### ########  ######## ########     ###     ######  ########
     ##        ##  ##     ## ##       ##     ##  ##   ##  ##       ##
     ######    ##  ########  ######   ########  #########  ######  ######
     ##        ##  ##    ##  ##       ##     ## ##     ##       ## ##
     ##       #### ##     ## ######## ########  ##     ##  ######  ########

You're about to initialize a Firebase project in this directory:

  C:\Users\andre

Before we get started, keep in mind:

  * You are initializing in an existing Firebase project directory

[info] 
=== Project Setup
[info] 
[info] First, let's associate this project directory with a Firebase project.
[info] You can create multiple project aliases by running firebase use --add, 
[info] but for now we'll just set up a default project.
[info] 
[debug] [2018-08-16T16:42:50.461Z] >>> HTTP REQUEST GET https://admin.firebase.com/v1/projects  
 
[debug] [2018-08-16T16:42:51.658Z] <<< HTTP RESPONSE 200
[info] i  .firebaserc already has a default project, skipping
[info] 
=== Hosting Setup
[info] 
[info] Your public directory is the folder (relative to your project directory) that
[info] will contain Hosting assets to be uploaded with firebase deploy. If you
[info] have a build process for your assets, use your build's output directory.
[info] 
